#-----------------------------------------------------------
# Vivado v2024.2 (64-bit)
# SW Build 5239630 on Fri Nov 08 22:35:27 MST 2024
# IP Build 5239520 on Sun Nov 10 16:12:51 MST 2024
# SharedData Build 5239561 on Fri Nov 08 14:39:27 MST 2024
# Start of session at: Mon Oct 13 11:31:03 2025
# Process ID         : 2032
# Current directory  : C:/Users/slricks340/Desktop/ECEN 340 Seth Ricks Ian Fleming/ECEN-340/Week5 - Multiplier/Part 1
# Command line       : vivado.exe -gui_launcher_event rodinguilauncherevent27984 C:\Users\slricks340\Desktop\ECEN 340 Seth Ricks Ian Fleming\ECEN-340\Week5 - Multiplier\Part 1\Multiplier.xpr
# Log file           : C:/Users/slricks340/Desktop/ECEN 340 Seth Ricks Ian Fleming/ECEN-340/Week5 - Multiplier/Part 1/vivado.log
# Journal file       : C:/Users/slricks340/Desktop/ECEN 340 Seth Ricks Ian Fleming/ECEN-340/Week5 - Multiplier/Part 1\vivado.jou
# Running On         : 25STC151L19
# Platform           : Windows Server 2016 or Windows 10
# Operating System   : 26100
# Processor Detail   : Intel(R) Core(TM) Ultra 7 265
# CPU Frequency      : 2381 MHz
# CPU Physical cores : 20
# CPU Logical cores  : 20
# Host memory        : 33775 MB
# Swap memory        : 3145 MB
# Total Virtual      : 36921 MB
# Available Virtual  : 22230 MB
#-----------------------------------------------------------
start_gui
open_project {C:/Users/slricks340/Desktop/ECEN 340 Seth Ricks Ian Fleming/ECEN-340/Week5 - Multiplier/Part 1/Multiplier.xpr}
INFO: [ProjectBase 1-489] The host OS only allows 260 characters in a normal path. The project is stored in a path with more than 80 characters. If you experience issues with IP, Block Designs, or files not being found, please consider moving the project to a location with a shorter path. Alternately consider using the OS subst command to map part of the path to a drive letter.
Current project path is 'C:/Users/slricks340/Desktop/ECEN 340 Seth Ricks Ian Fleming/ECEN-340/Week5 - Multiplier/Part 1'
INFO: [Project 1-313] Project file moved from 'C:/Users/slricks340/Desktop/ECEN 340 Seth Ricks Ian Fleming/ECEN-340/Multiplier' since last save.
INFO: [filemgmt 56-3] Default IP Output Path : Could not find the directory 'C:/Users/slricks340/Desktop/ECEN 340 Seth Ricks Ian Fleming/ECEN-340/Week5 - Multiplier/Part 1/Multiplier.gen/sources_1'.
WARNING: [Project 1-312] File not found as 'C:/Users/slricks340/Desktop/Downloads/Basys3_Master.xdc'; using path 'C:/Users/slricks340/Downloads/Basys3_Master.xdc' instead.
Scanning sources...
Finished scanning sources
WARNING: [Project 1-312] File not found as 'C:/Users/slricks340/Desktop/Downloads/Basys3_Master.xdc'; using path 'C:/Users/slricks340/Downloads/Basys3_Master.xdc' instead.
WARNING: [Project 1-312] File not found as 'C:/Users/slricks340/Desktop/Downloads/Basys3_Master.xdc'; using path 'C:/Users/slricks340/Downloads/Basys3_Master.xdc' instead.
INFO: [IP_Flow 19-234] Refreshing IP repositories
INFO: [IP_Flow 19-1704] No user IP repositories specified
INFO: [IP_Flow 19-2313] Loaded Vivado IP repository 'C:/Xilinx/Vivado/2024.2/data/ip'.
update_compile_order -fileset sources_1
reset_run synth_1
INFO: [Project 1-1161] Replacing file C:/Users/slricks340/Desktop/ECEN 340 Seth Ricks Ian Fleming/ECEN-340/Week5 - Multiplier/Part 1/Multiplier.srcs/utils_1/imports/synth_1/multiplier.dcp with file C:/Users/slricks340/Desktop/ECEN 340 Seth Ricks Ian Fleming/ECEN-340/Week5 - Multiplier/Part 1/Multiplier.runs/synth_1/multiplier.dcp
launch_runs impl_1 -to_step write_bitstream -jobs 10
[Mon Oct 13 11:31:32 2025] Launched synth_1...
Run output will be captured here: C:/Users/slricks340/Desktop/ECEN 340 Seth Ricks Ian Fleming/ECEN-340/Week5 - Multiplier/Part 1/Multiplier.runs/synth_1/runme.log
[Mon Oct 13 11:31:32 2025] Launched impl_1...
Run output will be captured here: C:/Users/slricks340/Desktop/ECEN 340 Seth Ricks Ian Fleming/ECEN-340/Week5 - Multiplier/Part 1/Multiplier.runs/impl_1/runme.log
open_hw_manager
connect_hw_server -allow_non_jtag
INFO: [Labtools 27-2285] Connecting to hw_server url TCP:localhost:3121
INFO: [Labtools 27-2222] Launching hw_server...
INFO: [Labtools 27-2221] Launch Output:

****** Xilinx hw_server v2024.2
  **** Build date : Oct 29 2024 at 10:25:41
    ** Copyright 1986-2022 Xilinx, Inc. All Rights Reserved.


INFO: [Labtools 27-3415] Connecting to cs_server url TCP:localhost:0
INFO: [Labtools 27-3417] Launching cs_server...
INFO: [Labtools 27-2221] Launch Output:


******** Xilinx cs_server v2024.2.0
  ****** Build date   : Oct 30 2024-12:19:07
    **** Build number : 2024.2.1730312347
      ** Copyright 2017-2022 Xilinx, Inc. All Rights Reserved.
      ** Copyright 2022-2025 Advanced Micro Devices, Inc. All Rights Reserved.



connect_hw_server: Time (s): cpu = 00:00:01 ; elapsed = 00:00:06 . Memory (MB): peak = 1234.227 ; gain = 18.145
open_hw_target
INFO: [Labtoolstcl 44-466] Opening hw_target localhost:3121/xilinx_tcf/Digilent/210183AA64DDA
set_property PROGRAM.FILE {C:/Users/slricks340/Desktop/ECEN 340 Seth Ricks Ian Fleming/ECEN-340/Week5 - Multiplier/Part 1/Multiplier.runs/impl_1/multiplier.bit} [get_hw_devices xc7a35t_0]
current_hw_device [get_hw_devices xc7a35t_0]
refresh_hw_device -update_hw_probes false [lindex [get_hw_devices xc7a35t_0] 0]
INFO: [Labtools 27-1434] Device xc7a35t (JTAG device index = 0) is programmed with a design that has no supported debug core(s) in it.
set_property PROBES.FILE {} [get_hw_devices xc7a35t_0]
set_property FULL_PROBES.FILE {} [get_hw_devices xc7a35t_0]
set_property PROGRAM.FILE {C:/Users/slricks340/Desktop/ECEN 340 Seth Ricks Ian Fleming/ECEN-340/Week5 - Multiplier/Part 1/Multiplier.runs/impl_1/multiplier.bit} [get_hw_devices xc7a35t_0]
program_hw_devices [get_hw_devices xc7a35t_0]
INFO: [Labtools 27-3164] End of startup status: HIGH
refresh_hw_device [lindex [get_hw_devices xc7a35t_0] 0]
INFO: [Labtools 27-1434] Device xc7a35t (JTAG device index = 0) is programmed with a design that has no supported debug core(s) in it.
exit
INFO: [Common 17-206] Exiting Vivado at Mon Oct 13 11:35:03 2025...
